<?xml version="1.0" encoding="UTF-8"?>
<!-- Generated by org.testng.reporters.JUnitXMLReporter -->
<testsuite ignored="0" hostname="LAPTOP-RT3BFCH1" failures="0" tests="1" name="Default test" time="0.029" errors="0" timestamp="2022-04-13T21:02:49 EDT">
  <testcase classname="com.demo.base.Testbase" name="@BeforeSuite suitesetup" time="0.005">
    <failure type="java.lang.NullPointerException" message="Cannot invoke &amp;quot;String.equals(Object)&amp;quot; because &amp;quot;com.demo.base.Testbase.BROWSER&amp;quot; is null">
      <![CDATA[java.lang.NullPointerException: Cannot invoke "String.equals(Object)" because "com.demo.base.Testbase.BROWSER" is null
at com.demo.base.Testbase.suitesetup(Testbase.java:40)
at java.base/jdk.internal.reflect.NativeMethodAccessorImpl.invoke0(Native Method)
at java.base/jdk.internal.reflect.NativeMethodAccessorImpl.invoke(NativeMethodAccessorImpl.java:77)
at java.base/jdk.internal.reflect.DelegatingMethodAccessorImpl.invoke(DelegatingMethodAccessorImpl.java:43)
at java.base/java.lang.reflect.Method.invoke(Method.java:568)
at org.testng.internal.MethodInvocationHelper.invokeMethod(MethodInvocationHelper.java:133)
at org.testng.internal.MethodInvocationHelper.invokeMethodConsideringTimeout(MethodInvocationHelper.java:62)
at org.testng.internal.ConfigInvoker.invokeConfigurationMethod(ConfigInvoker.java:385)
at org.testng.internal.ConfigInvoker.invokeConfigurations(ConfigInvoker.java:321)
at org.testng.SuiteRunner.privateRun(SuiteRunner.java:317)
at org.testng.SuiteRunner.run(SuiteRunner.java:276)
at org.testng.SuiteRunnerWorker.runSuite(SuiteRunnerWorker.java:53)
at org.testng.SuiteRunnerWorker.run(SuiteRunnerWorker.java:96)
at org.testng.TestNG.runSuitesSequentially(TestNG.java:1212)
at org.testng.TestNG.runSuitesLocally(TestNG.java:1134)
at org.testng.TestNG.runSuites(TestNG.java:1063)
at org.testng.TestNG.run(TestNG.java:1031)
at org.testng.remote.AbstractRemoteTestNG.run(AbstractRemoteTestNG.java:115)
at org.testng.remote.RemoteTestNG.initAndRun(RemoteTestNG.java:251)
at org.testng.remote.RemoteTestNG.main(RemoteTestNG.java:77)
]]>
    </failure>
  </testcase> <!-- @BeforeSuite suitesetup -->
  <testcase classname="com.demo.base.Testbase" name="@BeforeMethod loadbaseurl" time="-1.649898169366E9">
    <skipped/>
  </testcase> <!-- @BeforeMethod loadbaseurl -->
  <testcase classname="com.demo.base.Testbase" name="@AfterMethod screenshotanddeletecookies" time="-1.649898169371E9">
    <skipped/>
  </testcase> <!-- @AfterMethod screenshotanddeletecookies -->
  <testcase classname="com.demo.test.Saucedemologintest" name="logintest" time="0.0">
    <skipped/>
  </testcase> <!-- logintest -->
</testsuite> <!-- Default test -->
