<?xml version="1.0" encoding="UTF-8"?>
<testng-results ignored="0" total="1" passed="0" failed="0" skipped="1">
  <reporter-output>
  </reporter-output>
  <suite started-at="2022-04-13T21:02:49 EDT" name="Default suite" finished-at="2022-04-13T21:02:49 EDT" duration-ms="29">
    <groups>
    </groups>
    <test started-at="2022-04-13T21:02:49 EDT" name="Default test" finished-at="2022-04-13T21:02:49 EDT" duration-ms="29">
      <class name="com.demo.test.Saucedemologintest">
        <test-method is-config="true" signature="suitesetup()[pri:0, instance:com.demo.test.Saucedemologintest@36902638]" started-at="2022-04-13T21:02:49 EDT" name="suitesetup" finished-at="2022-04-13T21:02:49 EDT" duration-ms="5" status="FAIL">
          <exception class="java.lang.NullPointerException">
            <message>
              <![CDATA[Cannot invoke "String.equals(Object)" because "com.demo.base.Testbase.BROWSER" is null]]>
            </message>
            <full-stacktrace>
              <![CDATA[java.lang.NullPointerException: Cannot invoke "String.equals(Object)" because "com.demo.base.Testbase.BROWSER" is null
at com.demo.base.Testbase.suitesetup(Testbase.java:40)
at java.base/jdk.internal.reflect.NativeMethodAccessorImpl.invoke0(Native Method)
at java.base/jdk.internal.reflect.NativeMethodAccessorImpl.invoke(NativeMethodAccessorImpl.java:77)
at java.base/jdk.internal.reflect.DelegatingMethodAccessorImpl.invoke(DelegatingMethodAccessorImpl.java:43)
at java.base/java.lang.reflect.Method.invoke(Method.java:568)
at org.testng.internal.MethodInvocationHelper.invokeMethod(MethodInvocationHelper.java:133)
at org.testng.internal.MethodInvocationHelper.invokeMethodConsideringTimeout(MethodInvocationHelper.java:62)
at org.testng.internal.ConfigInvoker.invokeConfigurationMethod(ConfigInvoker.java:385)
at org.testng.internal.ConfigInvoker.invokeConfigurations(ConfigInvoker.java:321)
at org.testng.SuiteRunner.privateRun(SuiteRunner.java:317)
at org.testng.SuiteRunner.run(SuiteRunner.java:276)
at org.testng.SuiteRunnerWorker.runSuite(SuiteRunnerWorker.java:53)
at org.testng.SuiteRunnerWorker.run(SuiteRunnerWorker.java:96)
at org.testng.TestNG.runSuitesSequentially(TestNG.java:1212)
at org.testng.TestNG.runSuitesLocally(TestNG.java:1134)
at org.testng.TestNG.runSuites(TestNG.java:1063)
at org.testng.TestNG.run(TestNG.java:1031)
at org.testng.remote.AbstractRemoteTestNG.run(AbstractRemoteTestNG.java:115)
at org.testng.remote.RemoteTestNG.initAndRun(RemoteTestNG.java:251)
at org.testng.remote.RemoteTestNG.main(RemoteTestNG.java:77)
]]>
            </full-stacktrace>
          </exception> <!-- java.lang.NullPointerException -->
          <reporter-output>
          </reporter-output>
        </test-method> <!-- suitesetup -->
        <test-method is-config="true" signature="loadbaseurl()[pri:0, instance:com.demo.test.Saucedemologintest@36902638]" started-at="2022-04-13T21:02:49 EDT" name="loadbaseurl" finished-at="1969-12-31T19:00:00 EST" duration-ms="-1649898169366" status="SKIP">
          <reporter-output>
          </reporter-output>
        </test-method> <!-- loadbaseurl -->
        <test-method signature="logintest()[pri:0, instance:com.demo.test.Saucedemologintest@36902638]" started-at="2022-04-13T21:02:49 EDT" name="logintest" finished-at="2022-04-13T21:02:49 EDT" duration-ms="0" status="SKIP">
          <exception class="java.lang.NullPointerException">
            <message>
              <![CDATA[Cannot invoke "String.equals(Object)" because "com.demo.base.Testbase.BROWSER" is null]]>
            </message>
            <full-stacktrace>
              <![CDATA[java.lang.NullPointerException: Cannot invoke "String.equals(Object)" because "com.demo.base.Testbase.BROWSER" is null
at com.demo.base.Testbase.suitesetup(Testbase.java:40)
at java.base/jdk.internal.reflect.NativeMethodAccessorImpl.invoke0(Native Method)
at java.base/jdk.internal.reflect.NativeMethodAccessorImpl.invoke(NativeMethodAccessorImpl.java:77)
at java.base/jdk.internal.reflect.DelegatingMethodAccessorImpl.invoke(DelegatingMethodAccessorImpl.java:43)
at java.base/java.lang.reflect.Method.invoke(Method.java:568)
at org.testng.internal.MethodInvocationHelper.invokeMethod(MethodInvocationHelper.java:133)
at org.testng.internal.MethodInvocationHelper.invokeMethodConsideringTimeout(MethodInvocationHelper.java:62)
at org.testng.internal.ConfigInvoker.invokeConfigurationMethod(ConfigInvoker.java:385)
at org.testng.internal.ConfigInvoker.invokeConfigurations(ConfigInvoker.java:321)
at org.testng.SuiteRunner.privateRun(SuiteRunner.java:317)
at org.testng.SuiteRunner.run(SuiteRunner.java:276)
at org.testng.SuiteRunnerWorker.runSuite(SuiteRunnerWorker.java:53)
at org.testng.SuiteRunnerWorker.run(SuiteRunnerWorker.java:96)
at org.testng.TestNG.runSuitesSequentially(TestNG.java:1212)
at org.testng.TestNG.runSuitesLocally(TestNG.java:1134)
at org.testng.TestNG.runSuites(TestNG.java:1063)
at org.testng.TestNG.run(TestNG.java:1031)
at org.testng.remote.AbstractRemoteTestNG.run(AbstractRemoteTestNG.java:115)
at org.testng.remote.RemoteTestNG.initAndRun(RemoteTestNG.java:251)
at org.testng.remote.RemoteTestNG.main(RemoteTestNG.java:77)
]]>
            </full-stacktrace>
          </exception> <!-- java.lang.NullPointerException -->
          <reporter-output>
          </reporter-output>
        </test-method> <!-- logintest -->
        <test-method is-config="true" signature="screenshotanddeletecookies(org.testng.ITestResult)[pri:0, instance:com.demo.test.Saucedemologintest@36902638]" started-at="2022-04-13T21:02:49 EDT" name="screenshotanddeletecookies" finished-at="1969-12-31T19:00:00 EST" duration-ms="-1649898169371" status="SKIP">
          <reporter-output>
          </reporter-output>
        </test-method> <!-- screenshotanddeletecookies -->
      </class> <!-- com.demo.test.Saucedemologintest -->
    </test> <!-- Default test -->
  </suite> <!-- Default suite -->
</testng-results>
